0 info it worked if it ends with ok
1 verbose cli [ 'C:\\dev\\nodejs\\node.exe',
1 verbose cli   'C:\\dev\\nvm\\npm\\node_modules\\npm\\bin\\npm-cli.js',
1 verbose cli   'run',
1 verbose cli   'dev:server' ]
2 info using npm@4.1.1
3 info using node@v6.10.3
4 verbose run-script [ 'predev:server', 'dev:server', 'postdev:server' ]
5 info lifecycle react-ssr-community@1.0.0~predev:server: react-ssr-community@1.0.0
6 silly lifecycle react-ssr-community@1.0.0~predev:server: no script for predev:server, continuing
7 info lifecycle react-ssr-community@1.0.0~dev:server: react-ssr-community@1.0.0
8 verbose lifecycle react-ssr-community@1.0.0~dev:server: unsafe-perm in lifecycle true
9 verbose lifecycle react-ssr-community@1.0.0~dev:server: PATH: C:\dev\nvm\npm\node_modules\npm\bin\node-gyp-bin;E:\React study\react-ssr-community\node_modules\.bin;C:\Program Files\Java\jdk1.8.0_66\bin;C:\ProgramData\Oracle\Java\javapath;C:\Program Files (x86)\Common Files\Intel\Shared Files\cpp\bin\Intel64;C:\WINDOWS\system32;C:\WINDOWS;C:\WINDOWS\System32\Wbem;C:\WINDOWS\System32\WindowsPowerShell\v1.0\;C:\Program Files\Microsoft SQL Server\110\Tools\Binn\;C:\Program Files\Microsoft SQL Server\130\Tools\Binn\;C:\Users\59yun\.dnx\bin;C:\Program Files\Microsoft DNX\Dnvm\;C:\Program Files\Microsoft\Web Platform Installer\;C:\Windows\system32;C:\Windows\System32\cmd.exe;C:\Windows\System32\WindowsPowerShell\v1.0\;C:\Users\59yun\AppData\Local\Microsoft\WindowsApps;C:\Program Files (x86)\Microsoft VS Code\bin;C:\Program Files (x86)\Calibre2\;F:\qampp\Data_lib\perl\bin\;F:\qampp\apache\bin;F:\qampp\php;F:\qampp\svnserver\Subversion\bin;F:\qampp\mysql\bin;C:\Program Files\Git\cmd;C:\WINDOWS\system32;C:\WINDOWS;C:\WINDOWS\System32\Wbem;C:\WINDOWS\System32\WindowsPowerShell\v1.0\;C:\WINDOWS\System32\OpenSSH\;D:\Program Files (x86)\xammp\php;C:\Windows\system32;C:\Windows\System32\cmd.exe;C:\Windows\System32\WindowsPowerShell\v1.0\;C:\Users\59yun\AppData\Local\Microsoft\WindowsApps;C:\Program Files (x86)\Microsoft VS Code\bin;C:\dev\nvm\npm;C:\dev\nvm;C:\dev\nodejs;D:\Android\sdk\platform-tools;D:\Android\sdk\tools;D:\Android\gradle-3.2\bin;
10 verbose lifecycle react-ssr-community@1.0.0~dev:server: CWD: E:\React study\react-ssr-community
11 silly lifecycle react-ssr-community@1.0.0~dev:server: Args: [ '/d /s /c',
11 silly lifecycle   'cross-env NODE_ENV=development --mode development node server/server.js' ]
12 silly lifecycle react-ssr-community@1.0.0~dev:server: Returned: code: 1  signal: null
13 info lifecycle react-ssr-community@1.0.0~dev:server: Failed to exec dev:server script
14 verbose stack Error: react-ssr-community@1.0.0 dev:server: `cross-env NODE_ENV=development --mode development node server/server.js`
14 verbose stack Exit status 1
14 verbose stack     at EventEmitter.<anonymous> (C:\dev\nvm\npm\node_modules\npm\lib\utils\lifecycle.js:279:16)
14 verbose stack     at emitTwo (events.js:106:13)
14 verbose stack     at EventEmitter.emit (events.js:191:7)
14 verbose stack     at ChildProcess.<anonymous> (C:\dev\nvm\npm\node_modules\npm\lib\utils\spawn.js:40:14)
14 verbose stack     at emitTwo (events.js:106:13)
14 verbose stack     at ChildProcess.emit (events.js:191:7)
14 verbose stack     at maybeClose (internal/child_process.js:886:16)
14 verbose stack     at Process.ChildProcess._handle.onexit (internal/child_process.js:226:5)
15 verbose pkgid react-ssr-community@1.0.0
16 verbose cwd E:\React study\react-ssr-community
17 error Windows_NT 10.0.17134
18 error argv "C:\\dev\\nodejs\\node.exe" "C:\\dev\\nvm\\npm\\node_modules\\npm\\bin\\npm-cli.js" "run" "dev:server"
19 error node v6.10.3
20 error npm  v4.1.1
21 error code ELIFECYCLE
22 error react-ssr-community@1.0.0 dev:server: `cross-env NODE_ENV=development --mode development node server/server.js`
22 error Exit status 1
23 error Failed at the react-ssr-community@1.0.0 dev:server script 'cross-env NODE_ENV=development --mode development node server/server.js'.
23 error Make sure you have the latest version of node.js and npm installed.
23 error If you do, this is most likely a problem with the react-ssr-community package,
23 error not with npm itself.
23 error Tell the author that this fails on your system:
23 error     cross-env NODE_ENV=development --mode development node server/server.js
23 error You can get information on how to open an issue for this project with:
23 error     npm bugs react-ssr-community
23 error Or if that isn't available, you can get their info via:
23 error     npm owner ls react-ssr-community
23 error There is likely additional logging output above.
24 verbose exit [ 1, true ]
